SF:lib/wind_components.dart
DA:130,9
DA:151,9
DA:153,9
DA:154,9
DA:159,9
DA:162,15
DA:163,3
DA:164,3
DA:165,3
DA:166,3
DA:167,9
DA:172,9
DA:174,9
DA:176,5
DA:177,5
DA:178,10
DA:179,10
DA:180,10
DA:184,9
DA:185,18
DA:186,18
DA:187,18
DA:188,18
DA:193,9
DA:194,18
DA:195,18
DA:196,18
DA:197,18
DA:198,18
DA:199,9
DA:200,9
DA:201,9
DA:202,9
DA:203,9
DA:225,6
DA:241,6
DA:243,6
DA:244,6
DA:248,6
DA:249,6
DA:250,10
DA:251,10
DA:252,6
DA:253,6
DA:254,6
DA:255,6
DA:256,6
DA:259,6
DA:260,6
DA:261,6
DA:262,6
DA:263,6
DA:264,12
DA:265,12
DA:266,12
DA:289,3
DA:304,3
DA:306,3
DA:307,3
DA:312,3
DA:313,3
DA:314,6
DA:315,2
DA:316,8
DA:317,6
DA:318,8
DA:319,4
DA:324,3
DA:325,6
DA:326,6
DA:327,3
DA:328,3
DA:329,3
DA:330,3
DA:334,3
DA:335,3
DA:336,3
DA:337,3
DA:338,2
DA:339,4
DA:340,4
DA:341,4
DA:364,8
DA:379,8
DA:381,8
DA:382,8
DA:387,8
DA:388,8
DA:389,3
DA:390,1
DA:391,4
DA:392,3
DA:393,4
DA:394,2
DA:399,8
DA:400,16
DA:401,16
DA:402,8
DA:403,8
DA:404,8
DA:405,8
DA:409,8
DA:410,8
DA:411,8
DA:412,8
DA:413,4
DA:414,8
DA:415,8
DA:416,8
DA:437,0
DA:450,0
DA:452,0
DA:453,0
DA:457,0
DA:458,0
DA:459,0
DA:460,0
DA:461,0
DA:462,0
DA:465,0
DA:466,0
DA:467,0
DA:468,0
DA:469,0
DA:470,0
DA:471,0
DA:472,0
DA:492,0
DA:504,0
DA:506,0
DA:507,0
DA:511,0
DA:512,0
DA:513,0
DA:514,0
DA:515,0
DA:516,0
DA:517,0
DA:518,0
DA:538,8
DA:552,8
DA:554,8
DA:555,8
DA:561,8
DA:563,3
DA:564,3
DA:565,6
DA:566,6
DA:567,6
DA:571,7
DA:572,17
DA:573,18
DA:574,20
DA:575,14
DA:579,8
DA:580,20
DA:581,32
DA:582,8
DA:584,8
DA:585,0
DA:586,0
DA:587,0
DA:588,0
DA:590,8
DA:710,9
DA:729,9
DA:731,9
DA:732,9
DA:737,9
DA:738,9
DA:739,0
DA:740,0
DA:741,0
DA:743,0
DA:744,0
DA:746,0
DA:747,0
DA:748,0
DA:749,0
DA:750,0
DA:755,9
DA:757,18
DA:758,18
DA:759,18
DA:760,18
DA:761,18
DA:762,18
DA:763,18
DA:764,18
DA:765,18
DA:766,18
DA:768,18
DA:769,18
DA:770,18
DA:774,9
DA:775,0
DA:776,0
DA:786,9
DA:787,0
DA:789,9
DA:790,9
DA:791,9
DA:792,9
DA:793,9
DA:794,9
DA:797,6
DA:807,9
DA:808,2
DA:810,9
DA:811,9
DA:812,9
DA:813,9
DA:814,9
DA:815,9
DA:818,0
DA:828,18
DA:829,6
DA:830,18
DA:831,18
DA:851,2
DA:861,2
DA:863,2
DA:864,2
DA:869,6
DA:872,5
DA:874,2
DA:875,2
DA:878,2
DA:879,2
DA:887,2
DA:888,0
DA:890,2
DA:891,2
DA:892,2
DA:893,2
DA:894,2
DA:895,2
DA:898,1
DA:908,2
DA:909,0
DA:911,2
DA:912,2
DA:913,2
DA:914,2
DA:915,2
DA:916,2
DA:919,0
DA:930,1
DA:957,0
DA:974,0
DA:976,0
DA:977,0
DA:981,0
DA:982,0
DA:983,0
DA:984,0
DA:985,0
DA:986,0
DA:987,0
DA:988,0
DA:989,0
DA:990,0
DA:993,0
DA:994,0
DA:995,0
DA:996,0
DA:997,0
DA:998,0
DA:1020,1
DA:1032,1
DA:1034,1
DA:1035,1
DA:1039,1
DA:1040,1
DA:1041,3
DA:1042,3
DA:1043,1
DA:1044,1
DA:1045,1
DA:1046,1
DA:1060,0
DA:1070,0
DA:1072,0
DA:1073,0
DA:1077,0
DA:1078,0
DA:1079,0
DA:1080,0
DA:1081,0
DA:1082,0
DA:1105,8
DA:1122,8
DA:1124,24
DA:1125,8
DA:1126,8
DA:1133,8
DA:1134,8
DA:1135,0
DA:1136,0
DA:1137,0
DA:1141,8
DA:1142,0
DA:1143,0
DA:1144,0
DA:1148,8
DA:1149,8
DA:1150,8
DA:1151,8
DA:1157,8
DA:1159,8
DA:1160,8
DA:1161,22
DA:1162,8
DA:1163,16
DA:1164,8
DA:1166,20
DA:1167,2
DA:1168,22
DA:1169,16
DA:1170,16
DA:1172,8
DA:1175,8
DA:1176,8
DA:1177,1
DA:1180,1
DA:1182,1
DA:1183,3
DA:1187,8
DA:1188,8
DA:1189,8
DA:1190,8
DA:1192,24
DA:1193,2
DA:1229,2
DA:1251,2
DA:1253,2
DA:1254,2
DA:1258,2
DA:1260,2
DA:1261,2
DA:1262,5
DA:1263,1
DA:1264,1
DA:1266,2
DA:1267,6
DA:1268,8
DA:1269,2
DA:1270,6
DA:1271,4
DA:1274,2
DA:1275,2
DA:1276,2
DA:1277,2
DA:1278,2
DA:1279,2
DA:1280,2
DA:1281,2
DA:1282,2
DA:1283,2
DA:1285,2
DA:1286,2
DA:1291,2
DA:1292,0
DA:1293,0
DA:1294,0
DA:1295,0
DA:1296,0
DA:1297,0
DA:1322,2
DA:1338,2
DA:1340,2
DA:1341,2
DA:1347,2
DA:1348,0
DA:1349,0
DA:1350,0
DA:1351,0
DA:1352,0
DA:1355,0
DA:1356,0
DA:1357,0
DA:1358,0
DA:1359,0
DA:1360,0
DA:1364,2
DA:1365,2
DA:1366,2
DA:1367,2
DA:1368,2
DA:1369,2
DA:1370,2
DA:1371,2
DA:1375,2
DA:1376,2
DA:1377,2
DA:1378,2
DA:1379,0
DA:1380,0
DA:1381,0
DA:1382,0
DA:1383,0
DA:1410,2
DA:1428,2
DA:1430,2
DA:1431,2
DA:1435,2
DA:1436,2
DA:1437,2
DA:1438,0
DA:1439,4
DA:1440,4
DA:1442,2
DA:1444,2
DA:1445,4
DA:1446,4
DA:1447,4
DA:1448,4
DA:1449,2
DA:1450,5
DA:1451,1
DA:1452,1
DA:1454,2
DA:1455,2
DA:1456,2
DA:1457,2
DA:1458,2
DA:1460,2
DA:1461,6
DA:1462,6
DA:1466,2
DA:1496,1
DA:1515,1
DA:1517,1
DA:1518,1
DA:1522,1
DA:1523,2
DA:1524,2
DA:1525,1
DA:1526,3
DA:1527,3
DA:1528,1
DA:1529,1
DA:1535,1
DA:1536,1
DA:1537,1
DA:1538,1
DA:1539,0
DA:1540,2
DA:1541,0
DA:1542,0
DA:1544,0
DA:1546,0
DA:1548,2
DA:1549,3
DA:1550,1
DA:1551,1
DA:1552,3
DA:1556,1
DA:1558,3
DA:1560,2
DA:1561,1
DA:1568,1
DA:1569,2
DA:1587,1
DA:1603,1
DA:1605,1
DA:1606,1
DA:1610,3
DA:1611,4
DA:1614,0
DA:1617,1
DA:1619,1
DA:1620,1
DA:1621,1
DA:1622,1
DA:1623,1
DA:1624,1
DA:1625,3
DA:1626,1
DA:1627,1
DA:1629,1
DA:1630,3
DA:1631,4
DA:1633,1
DA:1634,2
DA:1635,2
DA:1637,1
DA:1638,1
DA:1640,1
DA:1641,3
DA:1669,0
DA:1685,0
DA:1687,0
DA:1688,0
DA:1692,0
DA:1694,0
DA:1695,0
DA:1696,0
DA:1697,0
DA:1698,0
DA:1699,0
DA:1700,0
DA:1701,0
DA:1702,0
DA:1703,0
DA:1709,0
DA:1712,0
DA:1713,0
DA:1714,0
DA:1715,0
DA:1716,0
DA:1719,0
DA:1722,0
DA:1724,0
DA:1725,0
DA:1726,0
DA:1727,0
DA:1729,0
DA:1739,0
DA:1747,0
DA:1750,0
LF:521
LH:374
end_of_record
SF:lib/utils/wind_config.dart
DA:8,14
DA:9,13
DA:10,9
DA:11,6
DA:20,8
DA:36,30
DA:37,27
DA:38,15
DA:39,12
DA:114,8
DA:116,8
DA:117,8
DA:118,8
DA:338,8
DA:358,8
DA:368,8
DA:369,8
DA:370,8
DA:371,8
DA:376,8
DA:377,8
DA:378,8
DA:383,8
DA:384,8
DA:385,8
DA:390,8
DA:391,8
DA:392,8
DA:403,8
DA:404,8
DA:408,9
DA:409,9
DA:413,5
DA:414,5
DA:418,4
DA:419,5
LF:36
LH:36
end_of_record
SF:lib/utils/smart_style_parser.dart
DA:11,0
DA:14,30
DA:27,4
DA:29,0
DA:30,0
DA:38,2
DA:39,4
DA:43,10
DA:45,10
DA:46,10
DA:47,20
DA:48,10
DA:49,10
DA:50,22
DA:55,36
DA:63,10
DA:68,20
DA:71,30
DA:72,10
DA:75,0
DA:76,0
DA:79,10
DA:82,20
DA:85,20
DA:86,10
DA:87,10
DA:89,10
DA:93,10
DA:97,0
DA:104,0
DA:105,0
DA:109,10
DA:110,10
DA:111,30
DA:113,20
DA:114,10
DA:115,5
DA:116,10
DA:117,5
DA:118,5
DA:120,5
DA:121,5
DA:125,10
DA:133,5
DA:135,7
DA:136,7
DA:137,7
DA:138,5
DA:139,3
DA:145,10
DA:147,10
DA:148,7
DA:151,10
DA:152,14
DA:153,7
DA:156,10
DA:157,8
DA:158,4
DA:161,10
DA:162,14
DA:163,7
DA:166,10
DA:167,20
DA:168,9
DA:171,10
DA:172,10
DA:175,11
DA:176,17
DA:177,11
DA:178,10
DA:181,10
DA:183,10
DA:186,10
DA:187,9
DA:192,10
DA:193,20
DA:194,20
DA:196,10
DA:197,12
DA:198,6
DA:200,10
DA:201,12
DA:202,6
DA:204,10
DA:205,0
DA:206,0
DA:208,10
DA:209,0
DA:210,0
DA:212,10
DA:213,0
DA:214,0
DA:216,10
DA:217,0
DA:218,0
DA:221,10
DA:222,12
DA:223,12
DA:225,10
DA:226,6
DA:227,1
DA:229,10
DA:230,2
DA:231,1
DA:233,10
DA:234,8
DA:235,4
DA:237,10
DA:238,14
DA:239,7
DA:241,10
DA:242,0
DA:243,0
DA:245,10
DA:246,0
DA:247,0
DA:250,10
DA:251,10
DA:252,16
DA:253,9
DA:254,9
DA:255,9
DA:256,8
DA:257,9
DA:258,12
DA:260,9
DA:262,18
DA:268,10
DA:269,20
DA:270,10
DA:273,9
DA:274,6
DA:275,6
DA:278,9
DA:279,18
DA:281,9
DA:282,5
DA:285,10
DA:286,2
DA:287,6
DA:291,5
DA:293,8
DA:298,9
DA:299,8
DA:300,4
DA:302,9
DA:303,8
DA:304,4
DA:307,9
DA:308,7
DA:309,3
DA:310,7
DA:311,6
DA:312,6
DA:313,2
DA:317,9
DA:318,5
DA:320,5
DA:321,8
DA:322,4
DA:323,8
DA:324,0
DA:325,0
DA:328,9
DA:329,5
DA:331,5
DA:332,10
DA:333,0
DA:334,0
DA:338,9
DA:339,10
DA:340,5
DA:343,8
DA:344,1
DA:345,1
DA:346,1
DA:349,8
DA:350,1
DA:352,8
DA:353,0
DA:355,8
DA:356,0
DA:359,8
DA:360,1
DA:362,8
DA:363,0
DA:365,8
DA:366,0
DA:369,8
DA:370,0
DA:372,8
DA:373,1
DA:376,8
DA:377,0
DA:378,0
DA:380,0
DA:381,0
DA:387,7
DA:388,7
DA:389,7
DA:390,6
DA:391,1
DA:392,6
DA:393,2
DA:394,6
DA:395,4
DA:396,5
DA:397,3
DA:398,5
DA:399,2
DA:400,5
DA:401,5
DA:402,3
DA:403,2
DA:408,10
DA:409,10
DA:410,7
DA:412,7
DA:413,7
DA:414,7
DA:416,7
DA:418,4
DA:420,7
DA:425,7
DA:426,7
DA:430,6
DA:434,6
DA:438,6
DA:442,5
DA:446,5
DA:450,5
DA:454,2
DA:460,14
DA:467,7
DA:472,10
DA:474,13
DA:475,9
DA:476,3
DA:480,10
DA:481,6
DA:482,12
DA:483,6
DA:484,6
DA:487,6
DA:491,6
DA:495,6
DA:500,10
DA:504,10
DA:506,10
DA:510,10
DA:515,7
DA:516,7
DA:517,7
DA:518,7
DA:519,7
DA:520,7
DA:521,14
DA:522,7
DA:523,7
DA:524,7
DA:530,6
DA:532,12
DA:533,6
DA:534,12
DA:535,6
DA:540,0
DA:541,0
DA:549,3
DA:552,3
DA:553,2
DA:556,4
DA:557,0
DA:560,4
DA:561,2
DA:562,4
DA:563,0
DA:565,0
DA:566,0
DA:571,5
DA:572,6
DA:573,10
DA:575,4
DA:576,4
DA:577,4
DA:578,4
DA:579,2
DA:584,5
DA:585,6
DA:586,10
DA:588,4
DA:589,4
DA:590,4
DA:591,4
DA:592,4
DA:593,2
DA:598,3
DA:599,3
DA:600,5
DA:602,2
DA:603,2
DA:604,4
DA:605,4
DA:606,1
DA:611,3
DA:612,3
DA:613,5
DA:615,2
DA:616,2
DA:617,4
DA:618,4
DA:619,2
DA:620,1
DA:626,0
DA:634,1
DA:635,1
DA:639,1
DA:642,1
DA:643,2
DA:644,1
DA:645,6
DA:646,2
DA:647,2
DA:651,4
DA:652,2
DA:653,3
DA:654,1
DA:655,3
DA:658,1
DA:659,2
DA:660,2
DA:661,2
DA:667,10
DA:669,11
DA:670,3
DA:671,1
DA:675,10
DA:676,10
DA:677,10
DA:678,10
DA:679,10
DA:680,10
DA:681,10
DA:682,9
DA:683,9
DA:684,9
DA:685,9
DA:686,9
DA:687,9
DA:688,9
DA:689,9
DA:690,9
DA:691,9
DA:692,5
DA:693,5
DA:694,4
DA:695,4
DA:700,5
DA:702,6
DA:703,3
DA:704,1
DA:708,4
DA:709,4
DA:710,4
DA:711,4
DA:716,1
DA:719,1
DA:720,3
DA:721,1
DA:725,0
DA:726,0
DA:727,0
DA:728,0
DA:732,0
DA:733,0
DA:734,0
DA:735,0
DA:739,0
DA:740,0
DA:741,0
DA:748,0
DA:752,0
DA:760,10
DA:762,10
DA:763,10
DA:764,10
DA:765,10
DA:766,10
DA:767,10
DA:768,10
DA:769,10
DA:770,10
DA:771,10
DA:777,10
DA:779,10
DA:780,10
DA:781,10
DA:782,10
DA:783,10
DA:784,10
DA:785,10
DA:786,1
DA:787,1
DA:793,6
DA:795,6
DA:796,6
DA:797,8
DA:798,4
DA:802,6
DA:803,2
DA:804,1
DA:808,6
DA:809,8
DA:810,4
DA:814,4
DA:815,4
DA:816,2
DA:820,3
DA:821,6
DA:822,3
DA:826,0
DA:827,0
DA:833,1
DA:835,1
DA:836,1
DA:837,1
DA:838,1
DA:839,1
DA:840,1
DA:841,1
DA:842,1
DA:843,1
DA:844,1
DA:845,1
DA:846,1
DA:847,1
DA:848,0
DA:849,0
DA:852,0
DA:853,0
DA:854,0
DA:856,0
LF:441
LH:380
end_of_record
